

times in msec
 clock   self+sourced   self:  sourced script
 clock   elapsed:              other lines

000.003  000.003: --- VIM STARTING ---
000.071  000.068: Allocated generic buffers
000.131  000.060: locale set
000.134  000.003: window checked
080.302  080.168: inits 1
080.309  000.007: parsing arguments
080.310  000.001: expanding arguments
080.322  000.012: shell init
080.649  000.327: Termcap init
080.662  000.013: inits 2
080.763  000.101: init highlight
081.017  000.174  000.174: sourcing /usr/share/vim/vim74/debian.vim
160.028  078.868  078.868: sourcing /usr/share/vim/vim74/syntax/syncolor.vim
160.210  079.100  000.232: sourcing /usr/share/vim/vim74/syntax/synload.vim
778.906  618.640  618.640: sourcing /usr/share/vim/vim74/filetype.vim
778.954  697.896  000.156: sourcing /usr/share/vim/vim74/syntax/syntax.vim
778.981  698.185  000.115: sourcing $VIM/vimrc
858.213  079.054  079.054: sourcing /usr/share/vim/vim74/ftoff.vim
858.912  000.287  000.287: sourcing /home/ubuntu/.vim/bundle/Vundle.vim/autoload/vundle.vim
859.177  000.167  000.167: sourcing /home/ubuntu/.vim/bundle/Vundle.vim/autoload/vundle/config.vim
1512.073  000.169  000.169: sourcing /home/ubuntu/.vim/bundle/vim-javascript/ftdetect/javascript.vim
1512.184  000.058  000.058: sourcing /home/ubuntu/.vim/bundle/vim-solidity/ftdetect/solidity.vim
1512.527  574.697  574.470: sourcing /usr/share/vim/vim74/filetype.vim
1512.719  000.040  000.040: sourcing /usr/share/vim/vim74/ftplugin.vim
1594.156  000.086  000.086: sourcing /usr/share/vim/vim74/indent.vim
1594.605  000.176  000.176: sourcing /usr/share/vim/vim74/syntax/syncolor.vim
1595.265  000.160  000.160: sourcing /usr/share/vim/vim74/syntax/syncolor.vim
1595.641  000.154  000.154: sourcing /usr/share/vim/vim74/syntax/syncolor.vim
1657.047  062.249  061.935: sourcing /home/ubuntu/.vim/bundle/vim-colors-solarized/colors/solarized.vim
1657.063  879.047  162.291: sourcing $HOME/.vimrc
1657.067  000.072: sourcing vimrc file(s)
1778.396  120.951  120.951: sourcing /home/ubuntu/.vim/bundle/vim-fugitive/plugin/fugitive.vim
1778.669  000.038  000.038: sourcing /home/ubuntu/.vim/bundle/command-t/autoload/commandt/mirkwood.vim
1778.914  000.398  000.360: sourcing /home/ubuntu/.vim/bundle/command-t/plugin/command-t.vim
1986.472  207.473  207.473: sourcing /home/ubuntu/.vim/bundle/vim-easymotion/plugin/EasyMotion.vim
1987.162  000.579  000.579: sourcing /home/ubuntu/.vim/bundle/youcompleteme/plugin/youcompleteme.vim
2064.977  000.256  000.256: sourcing /home/ubuntu/.vim/bundle/vim-airline/autoload/airline.vim
2065.278  000.108  000.108: sourcing /home/ubuntu/.vim/bundle/vim-airline/autoload/airline/init.vim
2065.724  000.097  000.097: sourcing /home/ubuntu/.vim/bundle/vim-airline/autoload/airline/parts.vim
2066.708  080.481  080.020: sourcing /home/ubuntu/.vim/bundle/vim-airline/plugin/airline.vim
2066.804  000.018  000.018: sourcing /home/ubuntu/.vim/bundle/vim-airline-themes/plugin/airline-themes.vim
2067.089  000.080  000.080: sourcing /usr/share/vim/vim74/plugin/getscriptPlugin.vim
2067.348  000.245  000.245: sourcing /usr/share/vim/vim74/plugin/gzip.vim
2146.577  079.214  079.214: sourcing /usr/share/vim/vim74/plugin/logiPat.vim
2146.880  000.259  000.259: sourcing /usr/share/vim/vim74/plugin/matchparen.vim
2147.830  000.929  000.929: sourcing /usr/share/vim/vim74/plugin/netrwPlugin.vim
2147.878  000.014  000.014: sourcing /usr/share/vim/vim74/plugin/rrhelper.vim
2147.921  000.026  000.026: sourcing /usr/share/vim/vim74/plugin/spellfile.vim
2148.120  000.176  000.176: sourcing /usr/share/vim/vim74/plugin/tarPlugin.vim
2148.235  000.089  000.089: sourcing /usr/share/vim/vim74/plugin/tohtml.vim
2148.402  000.149  000.149: sourcing /usr/share/vim/vim74/plugin/vimballPlugin.vim
2148.632  000.200  000.200: sourcing /usr/share/vim/vim74/plugin/zipPlugin.vim
2148.826  001.478: loading plugins
2148.892  000.066: loading packages
2148.900  000.008: inits 3
2149.103  000.203: reading viminfo
2149.110  000.007: setting raw mode
2149.183  000.073: start termcap
2149.285  000.102: clearing screen
2232.569  000.274  000.274: sourcing /home/ubuntu/.vim/bundle/vim-airline/autoload/airline/extensions.vim
2232.819  000.056  000.056: sourcing /home/ubuntu/.vim/bundle/vim-airline/autoload/airline/extensions/quickfix.vim
2233.029  000.039  000.039: sourcing /home/ubuntu/.vim/bundle/vim-airline/autoload/airline/extensions/netrw.vim
2233.220  000.026  000.026: sourcing /home/ubuntu/.vim/bundle/vim-airline/autoload/airline/extensions/commandt.vim
2233.645  000.242  000.242: sourcing /home/ubuntu/.vim/bundle/vim-airline/autoload/airline/extensions/branch.vim
2234.190  000.141  000.141: sourcing /home/ubuntu/.vim/bundle/vim-airline/autoload/airline/extensions/whitespace.vim
2234.628  000.051  000.051: sourcing /home/ubuntu/.vim/bundle/vim-airline/autoload/airline/extensions/wordcount.vim
2312.645  000.454  000.454: sourcing /home/ubuntu/.vim/bundle/vim-airline/autoload/airline/extensions/keymap.vim
2314.781  000.109  000.109: sourcing /home/ubuntu/.vim/bundle/vim-airline/autoload/airline/section.vim
2315.208  000.224  000.224: sourcing /home/ubuntu/.vim/bundle/vim-airline/autoload/airline/highlighter.vim
2395.143  000.065  000.065: sourcing /home/ubuntu/.vim/bundle/vim-airline/autoload/airline/themes.vim
2395.416  000.496  000.431: sourcing /home/ubuntu/.vim/bundle/vim-airline-themes/autoload/airline/themes/molokai.vim
2620.919  000.119  000.119: sourcing /home/ubuntu/.vim/bundle/vim-airline/autoload/airline/util.vim
2621.262  000.150  000.150: sourcing /home/ubuntu/.vim/bundle/vim-airline/autoload/airline/builder.vim
2621.710  000.093  000.093: sourcing /home/ubuntu/.vim/bundle/vim-airline/autoload/airline/extensions/default.vim
2886.930  735.171: opening buffers
2886.970  000.040: BufEnter autocommands
2886.972  000.002: editing files in windows
2971.707  000.629  000.629: sourcing /home/ubuntu/.vim/bundle/youcompleteme/autoload/youcompleteme.vim
5094.164  2207.563: VimEnter autocommands
5094.169  000.005: before starting main loop
5180.460  086.291: first screen update
5180.463  000.003: --- VIM STARTED ---


times in msec
 clock   self+sourced   self:  sourced script
 clock   elapsed:              other lines

000.002  000.002: --- VIM STARTING ---
000.067  000.065: Allocated generic buffers
000.126  000.059: locale set
000.128  000.002: window checked
000.468  000.340: inits 1
000.510  000.042: parsing arguments
000.511  000.001: expanding arguments
000.517  000.006: shell init
000.780  000.263: Termcap init
000.792  000.012: inits 2
000.888  000.096: init highlight
001.157  000.196  000.196: sourcing /usr/share/vim/vim74/debian.vim
001.481  000.182  000.182: sourcing /usr/share/vim/vim74/syntax/syncolor.vim
001.586  000.336  000.154: sourcing /usr/share/vim/vim74/syntax/synload.vim
132.863  131.238  131.238: sourcing /usr/share/vim/vim74/filetype.vim
132.912  131.712  000.138: sourcing /usr/share/vim/vim74/syntax/syntax.vim
132.939  132.023  000.115: sourcing $VIM/vimrc
133.770  000.623  000.623: sourcing /usr/share/vim/vim74/ftoff.vim
134.509  000.387  000.387: sourcing /home/ubuntu/.vim/bundle/Vundle.vim/autoload/vundle.vim
151.110  016.515  016.515: sourcing /home/ubuntu/.vim/bundle/Vundle.vim/autoload/vundle/config.vim
275.302  000.169  000.169: sourcing /home/ubuntu/.vim/bundle/vim-javascript/ftdetect/javascript.vim
275.417  000.062  000.062: sourcing /home/ubuntu/.vim/bundle/vim-solidity/ftdetect/solidity.vim
275.745  122.263  122.032: sourcing /usr/share/vim/vim74/filetype.vim
275.928  000.038  000.038: sourcing /usr/share/vim/vim74/ftplugin.vim
276.093  000.030  000.030: sourcing /usr/share/vim/vim74/indent.vim
276.492  000.166  000.166: sourcing /usr/share/vim/vim74/syntax/syncolor.vim
295.020  000.171  000.171: sourcing /usr/share/vim/vim74/syntax/syncolor.vim
295.388  000.153  000.153: sourcing /usr/share/vim/vim74/syntax/syncolor.vim
314.439  037.788  037.464: sourcing /home/ubuntu/.vim/bundle/vim-colors-solarized/colors/solarized.vim
314.450  181.466  003.656: sourcing $HOME/.vimrc
314.453  000.076: sourcing vimrc file(s)
335.075  020.485  020.485: sourcing /home/ubuntu/.vim/bundle/vim-fugitive/plugin/fugitive.vim
335.299  000.039  000.039: sourcing /home/ubuntu/.vim/bundle/command-t/autoload/commandt/mirkwood.vim
335.526  000.369  000.330: sourcing /home/ubuntu/.vim/bundle/command-t/plugin/command-t.vim
335.898  000.292  000.292: sourcing /home/ubuntu/.vim/bundle/youcompleteme/plugin/youcompleteme.vim
336.285  000.193  000.193: sourcing /home/ubuntu/.vim/bundle/vim-airline/autoload/airline.vim
336.549  000.103  000.103: sourcing /home/ubuntu/.vim/bundle/vim-airline/autoload/airline/init.vim
336.975  000.097  000.097: sourcing /home/ubuntu/.vim/bundle/vim-airline/autoload/airline/parts.vim
359.332  023.381  022.988: sourcing /home/ubuntu/.vim/bundle/vim-airline/plugin/airline.vim
359.448  000.021  000.021: sourcing /home/ubuntu/.vim/bundle/vim-airline-themes/plugin/airline-themes.vim
359.728  000.081  000.081: sourcing /usr/share/vim/vim74/plugin/getscriptPlugin.vim
360.043  000.301  000.301: sourcing /usr/share/vim/vim74/plugin/gzip.vim
360.295  000.236  000.236: sourcing /usr/share/vim/vim74/plugin/logiPat.vim
360.502  000.193  000.193: sourcing /usr/share/vim/vim74/plugin/matchparen.vim
361.157  000.637  000.637: sourcing /usr/share/vim/vim74/plugin/netrwPlugin.vim
361.215  000.015  000.015: sourcing /usr/share/vim/vim74/plugin/rrhelper.vim
361.261  000.027  000.027: sourcing /usr/share/vim/vim74/plugin/spellfile.vim
361.456  000.175  000.175: sourcing /usr/share/vim/vim74/plugin/tarPlugin.vim
361.575  000.090  000.090: sourcing /usr/share/vim/vim74/plugin/tohtml.vim
361.744  000.146  000.146: sourcing /usr/share/vim/vim74/plugin/vimballPlugin.vim
379.016  017.244  017.244: sourcing /usr/share/vim/vim74/plugin/zipPlugin.vim
379.212  001.066: loading plugins
379.274  000.062: loading packages
379.282  000.008: inits 3
379.490  000.208: reading viminfo
379.499  000.009: setting raw mode
379.572  000.073: start termcap
379.686  000.114: clearing screen
399.718  018.585  018.585: sourcing /home/ubuntu/.vim/bundle/vim-javascript/syntax/javascript.vim
399.956  000.028  000.028: sourcing /usr/share/vim/vim74/syntax/javascript.vim
400.436  000.338  000.338: sourcing /home/ubuntu/.vim/bundle/vim-jsx-pretty/after/syntax/javascript.vim
401.192  000.067  000.067: sourcing /usr/share/vim/vim74/ftplugin/javascript.vim
401.502  000.051  000.051: sourcing /home/ubuntu/.vim/bundle/vim-javascript/after/ftplugin/javascript.vim
401.588  000.022  000.022: sourcing /home/ubuntu/.vim/bundle/vim-jsx-pretty/after/ftplugin/javascript.vim
402.248  000.349  000.349: sourcing /home/ubuntu/.vim/bundle/vim-javascript/indent/javascript.vim
402.349  000.012  000.012: sourcing /usr/share/vim/vim74/indent/javascript.vim
419.465  000.129  000.129: sourcing /usr/share/vim/vim74/indent/xml.vim
419.672  017.263  017.134: sourcing /home/ubuntu/.vim/bundle/vim-jsx-pretty/after/indent/javascript.vim
420.130  000.254  000.254: sourcing /home/ubuntu/.vim/bundle/vim-airline/autoload/airline/extensions.vim
420.317  000.051  000.051: sourcing /home/ubuntu/.vim/bundle/vim-airline/autoload/airline/extensions/quickfix.vim
420.522  000.038  000.038: sourcing /home/ubuntu/.vim/bundle/vim-airline/autoload/airline/extensions/netrw.vim
420.709  000.030  000.030: sourcing /home/ubuntu/.vim/bundle/vim-airline/autoload/airline/extensions/commandt.vim
421.179  000.287  000.287: sourcing /home/ubuntu/.vim/bundle/vim-airline/autoload/airline/extensions/branch.vim
421.599  000.134  000.134: sourcing /home/ubuntu/.vim/bundle/vim-airline/autoload/airline/extensions/whitespace.vim
422.024  000.050  000.050: sourcing /home/ubuntu/.vim/bundle/vim-airline/autoload/airline/extensions/wordcount.vim
422.274  000.031  000.031: sourcing /home/ubuntu/.vim/bundle/vim-airline/autoload/airline/extensions/keymap.vim
440.941  000.084  000.084: sourcing /home/ubuntu/.vim/bundle/vim-airline/autoload/airline/section.vim
441.358  000.199  000.199: sourcing /home/ubuntu/.vim/bundle/vim-airline/autoload/airline/highlighter.vim
460.670  000.067  000.067: sourcing /home/ubuntu/.vim/bundle/vim-airline/autoload/airline/themes.vim
460.938  000.446  000.379: sourcing /home/ubuntu/.vim/bundle/vim-airline-themes/autoload/airline/themes/molokai.vim
520.473  016.682  016.682: sourcing /home/ubuntu/.vim/bundle/vim-airline/autoload/airline/util.vim
520.861  000.151  000.151: sourcing /home/ubuntu/.vim/bundle/vim-airline/autoload/airline/builder.vim
521.349  000.092  000.092: sourcing /home/ubuntu/.vim/bundle/vim-airline/autoload/airline/extensions/default.vim
584.781  149.851: opening buffers
584.811  000.030: BufEnter autocommands
584.814  000.003: editing files in windows
603.394  001.637  001.637: sourcing /home/ubuntu/.vim/bundle/youcompleteme/autoload/youcompleteme.vim
1262.484  678.033: VimEnter autocommands
1262.488  000.004: before starting main loop
1342.314  000.210  000.210: sourcing /home/ubuntu/.vim/bundle/vim-airline/autoload/airline/async.vim
1487.203  224.505: first screen update
1487.207  000.004: --- VIM STARTED ---
